2018-08-24 18:33:47.200 [main] INFO  com.galaxy.data.server.start.StartServer-Starting StartServer on JRA1164529C531 with PID 12864 (D:\git\galaxy-data-system\target\classes started by moshiyong in D:\git\galaxy-data-system)
2018-08-24 18:33:47.254 [main] DEBUG com.galaxy.data.server.start.StartServer-Running with Spring Boot v1.5.15.RELEASE, Spring v4.3.18.RELEASE
2018-08-24 18:33:47.254 [main] INFO  com.galaxy.data.server.start.StartServer-No active profile set, falling back to default profiles: default
2018-08-24 18:33:47.397 [main] INFO  o.s.b.c.e.AnnotationConfigEmbeddedWebApplicationContext-Refreshing org.springframework.boot.context.embedded.AnnotationConfigEmbeddedWebApplicationContext@6dc17b83: startup date [Fri Aug 24 18:33:47 CST 2018]; root of context hierarchy
2018-08-24 18:33:47.467 [background-preinit] DEBUG org.jboss.logging-Logging Provider: org.jboss.logging.Slf4jLoggerProvider found via system property
2018-08-24 18:33:47.471 [background-preinit] INFO  org.hibernate.validator.internal.util.Version-HV000001: Hibernate Validator 5.3.6.Final
2018-08-24 18:33:47.513 [background-preinit] DEBUG o.h.v.i.engine.resolver.DefaultTraversableResolver-Cannot find javax.persistence.Persistence on classpath. Assuming non JPA 2 environment. All properties will per default be traversable.
2018-08-24 18:33:48.990 [main] DEBUG o.h.v.i.engine.resolver.DefaultTraversableResolver-Cannot find javax.persistence.Persistence on classpath. Assuming non JPA 2 environment. All properties will per default be traversable.
2018-08-24 18:33:49.009 [main] DEBUG o.h.v.i.engine.resolver.DefaultTraversableResolver-Cannot find javax.persistence.Persistence on classpath. Assuming non JPA 2 environment. All properties will per default be traversable.
2018-08-24 18:33:49.017 [main] DEBUG o.h.validator.internal.engine.ConfigurationImpl-Setting custom MessageInterpolator of type org.springframework.validation.beanvalidation.LocaleContextMessageInterpolator
2018-08-24 18:33:49.018 [main] DEBUG o.h.validator.internal.engine.ConfigurationImpl-Setting custom ConstraintValidatorFactory of type org.springframework.validation.beanvalidation.SpringConstraintValidatorFactory
2018-08-24 18:33:49.019 [main] DEBUG o.h.validator.internal.engine.ConfigurationImpl-Setting custom ParameterNameProvider of type com.sun.proxy.$Proxy43
2018-08-24 18:33:49.021 [main] DEBUG o.h.validator.internal.xml.ValidationXmlParser-Trying to load META-INF/validation.xml for XML based Validator configuration.
2018-08-24 18:33:49.023 [main] DEBUG o.h.validator.internal.xml.ResourceLoaderHelper-Trying to load META-INF/validation.xml via user class loader
2018-08-24 18:33:49.024 [main] DEBUG o.h.validator.internal.xml.ResourceLoaderHelper-Trying to load META-INF/validation.xml via TCCL
2018-08-24 18:33:49.025 [main] DEBUG o.h.validator.internal.xml.ResourceLoaderHelper-Trying to load META-INF/validation.xml via Hibernate Validator's class loader
2018-08-24 18:33:49.025 [main] DEBUG o.h.validator.internal.xml.ValidationXmlParser-No META-INF/validation.xml found. Using annotation based configuration only.
2018-08-24 18:33:49.251 [main] INFO  org.eclipse.jetty.util.log-Logging initialized @4296ms to org.eclipse.jetty.util.log.Slf4jLog
2018-08-24 18:33:50.458 [main] INFO  o.s.b.c.e.j.JettyEmbeddedServletContainerFactory-Server initialized with port: 8081
2018-08-24 18:33:50.462 [main] INFO  org.eclipse.jetty.server.Server-jetty-9.4.11.v20180605; built: 2018-06-05T18:24:03.829Z; git: d5fc0523cfa96bfebfbda19606cad384d772f04c; jvm 1.8.0_171-b11
2018-08-24 18:33:50.662 [main] INFO  org.eclipse.jetty.server.session-DefaultSessionIdManager workerName=node0
2018-08-24 18:33:50.662 [main] INFO  org.eclipse.jetty.server.session-No SessionScavenger set, using defaults
2018-08-24 18:33:50.664 [main] INFO  org.eclipse.jetty.server.session-node0 Scavenging every 600000ms
2018-08-24 18:33:50.721 [main] INFO  o.e.j.server.handler.ContextHandler.application-Initializing Spring embedded WebApplicationContext
2018-08-24 18:33:50.722 [main] INFO  org.springframework.web.context.ContextLoader-Root WebApplicationContext: initialization completed in 3325 ms
2018-08-24 18:33:50.929 [main] INFO  o.s.boot.web.servlet.ServletRegistrationBean-Mapping servlet: 'dispatcherServlet' to [/]
2018-08-24 18:33:50.933 [main] INFO  o.s.boot.web.servlet.FilterRegistrationBean-Mapping filter: 'characterEncodingFilter' to: [/*]
2018-08-24 18:33:50.934 [main] INFO  o.s.boot.web.servlet.FilterRegistrationBean-Mapping filter: 'hiddenHttpMethodFilter' to: [/*]
2018-08-24 18:33:50.934 [main] INFO  o.s.boot.web.servlet.FilterRegistrationBean-Mapping filter: 'httpPutFormContentFilter' to: [/*]
2018-08-24 18:33:50.934 [main] INFO  o.s.boot.web.servlet.FilterRegistrationBean-Mapping filter: 'requestContextFilter' to: [/*]
2018-08-24 18:33:50.950 [main] INFO  org.eclipse.jetty.server.handler.ContextHandler-Started o.s.b.c.e.j.JettyEmbeddedWebAppContext@57b75756{application,/,[file:///C:/Users/moshiyong/AppData/Local/Temp/jetty-docbase.3658279299894901222.8081/, jar:file:/D:/soft/jar/io/springfox/springfox-swagger-ui/2.7.0/springfox-swagger-ui-2.7.0.jar!/META-INF/resources],AVAILABLE}
2018-08-24 18:33:50.951 [main] INFO  org.eclipse.jetty.server.Server-Started @5996ms
2018-08-24 18:33:51.728 [main] INFO  o.s.w.s.m.m.a.RequestMappingHandlerMapping-Mapped "{[/getDate],methods=[POST],consumes=[application/json],produces=[application/json]}" onto public java.lang.Object com.galaxy.data.core.controller.DateController.getDate(java.lang.String,java.lang.String)
2018-08-24 18:33:51.730 [main] INFO  o.s.w.s.m.m.a.RequestMappingHandlerMapping-Mapped "{[/getYDate],methods=[POST],consumes=[application/json],produces=[application/json]}" onto public java.lang.Object com.galaxy.data.core.controller.DateController.getYDate(com.gaiaxy.data.core.dto.DateFormatDto)
2018-08-24 18:33:51.739 [main] INFO  o.s.w.s.m.m.a.RequestMappingHandlerMapping-Mapped "{[/swagger-resources]}" onto public org.springframework.http.ResponseEntity<java.util.List<springfox.documentation.swagger.web.SwaggerResource>> springfox.documentation.swagger.web.ApiResourceController.swaggerResources()
2018-08-24 18:33:51.740 [main] INFO  o.s.w.s.m.m.a.RequestMappingHandlerMapping-Mapped "{[/swagger-resources/configuration/ui]}" onto public org.springframework.http.ResponseEntity<springfox.documentation.swagger.web.UiConfiguration> springfox.documentation.swagger.web.ApiResourceController.uiConfiguration()
2018-08-24 18:33:51.741 [main] INFO  o.s.w.s.m.m.a.RequestMappingHandlerMapping-Mapped "{[/swagger-resources/configuration/security]}" onto public org.springframework.http.ResponseEntity<springfox.documentation.swagger.web.SecurityConfiguration> springfox.documentation.swagger.web.ApiResourceController.securityConfiguration()
2018-08-24 18:33:51.749 [main] INFO  o.s.w.s.m.m.a.RequestMappingHandlerMapping-Mapped "{[/error]}" onto public org.springframework.http.ResponseEntity<java.util.Map<java.lang.String, java.lang.Object>> org.springframework.boot.autoconfigure.web.BasicErrorController.error(javax.servlet.http.HttpServletRequest)
2018-08-24 18:33:51.750 [main] INFO  o.s.w.s.m.m.a.RequestMappingHandlerMapping-Mapped "{[/error],produces=[text/html]}" onto public org.springframework.web.servlet.ModelAndView org.springframework.boot.autoconfigure.web.BasicErrorController.errorHtml(javax.servlet.http.HttpServletRequest,javax.servlet.http.HttpServletResponse)
2018-08-24 18:33:52.043 [main] DEBUG s.d.s.w.PropertySourcedRequestMappingHandlerMapping-initialising the handler methods
2018-08-24 18:33:52.047 [main] INFO  s.d.s.w.PropertySourcedRequestMappingHandlerMapping-Mapped URL path [/v2/api-docs] onto method [public org.springframework.http.ResponseEntity<springfox.documentation.spring.web.json.Json> springfox.documentation.swagger2.web.Swagger2Controller.getDocumentation(java.lang.String,javax.servlet.http.HttpServletRequest)]
2018-08-24 18:33:52.171 [main] DEBUG o.h.v.i.engine.resolver.DefaultTraversableResolver-Cannot find javax.persistence.Persistence on classpath. Assuming non JPA 2 environment. All properties will per default be traversable.
2018-08-24 18:33:52.185 [main] DEBUG o.h.v.i.engine.resolver.DefaultTraversableResolver-Cannot find javax.persistence.Persistence on classpath. Assuming non JPA 2 environment. All properties will per default be traversable.
2018-08-24 18:33:52.189 [main] DEBUG o.h.validator.internal.engine.ConfigurationImpl-Setting custom MessageInterpolator of type org.springframework.validation.beanvalidation.LocaleContextMessageInterpolator
2018-08-24 18:33:52.189 [main] DEBUG o.h.validator.internal.engine.ConfigurationImpl-Setting custom ConstraintValidatorFactory of type org.springframework.validation.beanvalidation.SpringConstraintValidatorFactory
2018-08-24 18:33:52.190 [main] DEBUG o.h.validator.internal.engine.ConfigurationImpl-Setting custom ParameterNameProvider of type com.sun.proxy.$Proxy43
2018-08-24 18:33:52.190 [main] DEBUG o.h.validator.internal.xml.ValidationXmlParser-Trying to load META-INF/validation.xml for XML based Validator configuration.
2018-08-24 18:33:52.190 [main] DEBUG o.h.validator.internal.xml.ResourceLoaderHelper-Trying to load META-INF/validation.xml via user class loader
2018-08-24 18:33:52.190 [main] DEBUG o.h.validator.internal.xml.ResourceLoaderHelper-Trying to load META-INF/validation.xml via TCCL
2018-08-24 18:33:52.191 [main] DEBUG o.h.validator.internal.xml.ResourceLoaderHelper-Trying to load META-INF/validation.xml via Hibernate Validator's class loader
2018-08-24 18:33:52.194 [main] DEBUG o.h.validator.internal.xml.ValidationXmlParser-No META-INF/validation.xml found. Using annotation based configuration only.
2018-08-24 18:33:52.391 [main] INFO  o.s.w.s.m.m.a.RequestMappingHandlerAdapter-Looking for @ControllerAdvice: org.springframework.boot.context.embedded.AnnotationConfigEmbeddedWebApplicationContext@6dc17b83: startup date [Fri Aug 24 18:33:47 CST 2018]; root of context hierarchy
2018-08-24 18:33:52.501 [main] INFO  o.s.web.servlet.handler.SimpleUrlHandlerMapping-Mapped URL path [/webjars/**] onto handler of type [class org.springframework.web.servlet.resource.ResourceHttpRequestHandler]
2018-08-24 18:33:52.502 [main] INFO  o.s.web.servlet.handler.SimpleUrlHandlerMapping-Mapped URL path [/**] onto handler of type [class org.springframework.web.servlet.resource.ResourceHttpRequestHandler]
2018-08-24 18:33:52.560 [main] INFO  o.s.web.servlet.handler.SimpleUrlHandlerMapping-Mapped URL path [/**/favicon.ico] onto handler of type [class org.springframework.web.servlet.resource.ResourceHttpRequestHandler]
2018-08-24 18:33:52.956 [main] INFO  o.s.jmx.export.annotation.AnnotationMBeanExporter-Registering beans for JMX exposure on startup
2018-08-24 18:33:52.988 [main] INFO  o.s.context.support.DefaultLifecycleProcessor-Starting beans in phase 2147483647
2018-08-24 18:33:52.988 [main] INFO  s.d.s.web.plugins.DocumentationPluginsBootstrapper-Context refreshed
2018-08-24 18:33:53.055 [main] INFO  s.d.s.web.plugins.DocumentationPluginsBootstrapper-Found 1 custom documentation plugin(s)
2018-08-24 18:33:53.124 [main] INFO  s.d.spring.web.scanners.ApiListingReferenceScanner-Scanning for api listing references
2018-08-24 18:33:53.142 [main] DEBUG s.d.s.w.readers.operation.OperationModelsProvider-Adding return parameter of type Ljava/util/Map<Ljava/lang/String;Ljava/lang/Object;>;
2018-08-24 18:33:53.144 [main] DEBUG s.d.s.w.readers.operation.OperationModelsProvider-Reading parameters models for handlerMethod |error|
2018-08-24 18:33:53.145 [main] DEBUG s.d.s.w.readers.operation.OperationModelsProvider-Finished reading parameters models for handlerMethod |error|
2018-08-24 18:33:53.149 [main] DEBUG s.d.s.r.operation.SwaggerOperationModelsProvider-Reading parameters models for handlerMethod |error|
2018-08-24 18:33:53.172 [main] DEBUG s.documentation.schema.DefaultModelProvider-Skipping model of type Ljava/lang/Object; as its either a container type, map, enum or base type, or its already been handled
2018-08-24 18:33:53.173 [main] DEBUG s.documentation.spring.web.scanners.ApiModelReader-Did not find any parameter models for java.util.Map<java.lang.String,java.lang.Object>
2018-08-24 18:33:53.174 [main] DEBUG s.d.schema.DefaultModelDependencyProvider-Marking base type Ljava/lang/Object; as seen
2018-08-24 18:33:53.189 [main] DEBUG s.d.s.w.r.operation.OperationResponseClassReader-Setting spring response class to: Map«string,object»
2018-08-24 18:33:53.193 [main] DEBUG s.d.swagger.readers.operation.OperationAuthReader-Authorization count 0 for method error
2018-08-24 18:33:53.195 [main] DEBUG s.d.s.r.o.SwaggerOperationResponseClassReader-Setting response class to:Map«string,object»
2018-08-24 18:33:53.204 [main] DEBUG s.d.s.w.r.operation.OperationResponseClassReader-Setting spring response class to: Map«string,object»
2018-08-24 18:33:53.206 [main] DEBUG s.d.swagger.readers.operation.OperationAuthReader-Authorization count 0 for method error
2018-08-24 18:33:53.207 [main] DEBUG s.d.s.r.o.SwaggerOperationResponseClassReader-Setting response class to:Map«string,object»
2018-08-24 18:33:53.211 [main] DEBUG s.d.s.w.r.operation.OperationResponseClassReader-Setting spring response class to: Map«string,object»
2018-08-24 18:33:53.213 [main] DEBUG s.d.swagger.readers.operation.OperationAuthReader-Authorization count 0 for method error
2018-08-24 18:33:53.214 [main] DEBUG s.d.s.r.o.SwaggerOperationResponseClassReader-Setting response class to:Map«string,object»
2018-08-24 18:33:53.219 [main] DEBUG s.d.s.w.r.operation.OperationResponseClassReader-Setting spring response class to: Map«string,object»
2018-08-24 18:33:53.221 [main] DEBUG s.d.swagger.readers.operation.OperationAuthReader-Authorization count 0 for method error
2018-08-24 18:33:53.223 [main] DEBUG s.d.s.r.o.SwaggerOperationResponseClassReader-Setting response class to:Map«string,object»
2018-08-24 18:33:53.228 [main] DEBUG s.d.s.w.r.operation.OperationResponseClassReader-Setting spring response class to: Map«string,object»
2018-08-24 18:33:53.236 [main] DEBUG s.d.swagger.readers.operation.OperationAuthReader-Authorization count 0 for method error
2018-08-24 18:33:53.242 [main] DEBUG s.d.s.r.o.SwaggerOperationResponseClassReader-Setting response class to:Map«string,object»
2018-08-24 18:33:53.249 [main] DEBUG s.d.s.w.r.operation.OperationResponseClassReader-Setting spring response class to: Map«string,object»
2018-08-24 18:33:53.251 [main] DEBUG s.d.swagger.readers.operation.OperationAuthReader-Authorization count 0 for method error
2018-08-24 18:33:53.253 [main] DEBUG s.d.s.r.o.SwaggerOperationResponseClassReader-Setting response class to:Map«string,object»
2018-08-24 18:33:53.258 [main] DEBUG s.d.s.w.r.operation.OperationResponseClassReader-Setting spring response class to: Map«string,object»
2018-08-24 18:33:53.261 [main] DEBUG s.d.swagger.readers.operation.OperationAuthReader-Authorization count 0 for method error
2018-08-24 18:33:53.264 [main] DEBUG s.d.s.r.o.SwaggerOperationResponseClassReader-Setting response class to:Map«string,object»
2018-08-24 18:33:53.269 [main] DEBUG s.d.s.w.r.operation.OperationResponseClassReader-Setting spring response class to: Map«string,object»
2018-08-24 18:33:53.271 [main] DEBUG s.d.swagger.readers.operation.OperationAuthReader-Authorization count 0 for method error
2018-08-24 18:33:53.273 [main] DEBUG s.d.s.r.o.SwaggerOperationResponseClassReader-Setting response class to:Map«string,object»
2018-08-24 18:33:53.294 [main] DEBUG s.d.s.w.readers.operation.OperationModelsProvider-Adding return parameter of type Lorg/springframework/web/servlet/ModelAndView;
2018-08-24 18:33:53.295 [main] DEBUG s.d.s.w.readers.operation.OperationModelsProvider-Reading parameters models for handlerMethod |errorHtml|
2018-08-24 18:33:53.296 [main] DEBUG s.d.s.w.readers.operation.OperationModelsProvider-Finished reading parameters models for handlerMethod |errorHtml|
2018-08-24 18:33:53.297 [main] DEBUG s.d.s.r.operation.SwaggerOperationModelsProvider-Reading parameters models for handlerMethod |errorHtml|
2018-08-24 18:33:53.348 [main] DEBUG s.d.s.property.OptimizedModelPropertiesProvider-Reading property view
2018-08-24 18:33:53.354 [main] DEBUG s.d.schema.property.bean.BeanModelProperty-Evaluating unwrapped getter for member getView
2018-08-24 18:33:53.356 [main] DEBUG s.d.s.p.ObjectMapperBeanPropertyNamingStrategy-Name 'view' renamed to 'view'
2018-08-24 18:33:53.356 [main] DEBUG s.d.s.property.OptimizedModelPropertiesProvider-Adding property view to model
2018-08-24 18:33:53.357 [main] DEBUG s.d.schema.property.bean.BeanModelProperty-Evaluating unwrapped getter for member getView
2018-08-24 18:33:53.357 [main] DEBUG s.d.schema.property.bean.BeanModelProperty-Evaluating unwrapped getter for member getView
2018-08-24 18:33:53.358 [main] DEBUG s.d.schema.property.bean.BeanModelProperty-Evaluating unwrapped getter for member getView
2018-08-24 18:33:53.361 [main] DEBUG s.d.schema.property.bean.BeanModelProperty-Evaluating unwrapped getter for member getView
2018-08-24 18:33:53.365 [main] DEBUG s.d.s.property.OptimizedModelPropertiesProvider-Reading property model
2018-08-24 18:33:53.365 [main] DEBUG s.d.schema.property.bean.BeanModelProperty-Evaluating unwrapped getter for member getModel
2018-08-24 18:33:53.365 [main] DEBUG s.d.s.p.ObjectMapperBeanPropertyNamingStrategy-Name 'model' renamed to 'model'
2018-08-24 18:33:53.365 [main] DEBUG s.d.s.property.OptimizedModelPropertiesProvider-Adding property model to model
2018-08-24 18:33:53.365 [main] DEBUG s.d.schema.property.bean.BeanModelProperty-Evaluating unwrapped getter for member getModel
2018-08-24 18:33:53.365 [main] DEBUG s.d.schema.property.bean.BeanModelProperty-Evaluating unwrapped getter for member getModel
2018-08-24 18:33:53.366 [main] DEBUG s.d.schema.property.bean.BeanModelProperty-Evaluating unwrapped getter for member getModel
2018-08-24 18:33:53.366 [main] DEBUG s.d.schema.property.bean.BeanModelProperty-Evaluating unwrapped getter for member getModel
2018-08-24 18:33:53.366 [main] DEBUG s.d.s.property.OptimizedModelPropertiesProvider-Reading property status
2018-08-24 18:33:53.366 [main] DEBUG s.d.schema.property.bean.BeanModelProperty-Evaluating unwrapped getter for member getStatus
2018-08-24 18:33:53.366 [main] DEBUG s.d.s.p.ObjectMapperBeanPropertyNamingStrategy-Name 'status' renamed to 'status'
2018-08-24 18:33:53.366 [main] DEBUG s.d.s.property.OptimizedModelPropertiesProvider-Adding property status to model
2018-08-24 18:33:53.367 [main] DEBUG s.d.schema.property.bean.BeanModelProperty-Evaluating unwrapped getter for member getStatus
2018-08-24 18:33:53.367 [main] DEBUG s.d.schema.property.bean.BeanModelProperty-Evaluating unwrapped getter for member getStatus
2018-08-24 18:33:53.367 [main] DEBUG s.d.schema.property.bean.BeanModelProperty-Evaluating unwrapped getter for member getStatus
2018-08-24 18:33:53.367 [main] DEBUG s.d.schema.property.bean.BeanModelProperty-Evaluating unwrapped getter for member getStatus
2018-08-24 18:33:53.390 [main] DEBUG s.d.s.property.OptimizedModelPropertiesProvider-Reading property empty
2018-08-24 18:33:53.391 [main] DEBUG s.d.schema.property.bean.BeanModelProperty-Evaluating unwrapped getter for member isEmpty
2018-08-24 18:33:53.391 [main] DEBUG s.d.s.p.ObjectMapperBeanPropertyNamingStrategy-Name 'empty' renamed to 'empty'
2018-08-24 18:33:53.391 [main] DEBUG s.d.s.property.OptimizedModelPropertiesProvider-Adding property empty to model
2018-08-24 18:33:53.391 [main] DEBUG s.d.schema.property.bean.BeanModelProperty-Evaluating unwrapped getter for member isEmpty
2018-08-24 18:33:53.392 [main] DEBUG s.d.schema.property.bean.BeanModelProperty-Evaluating unwrapped getter for member isEmpty
2018-08-24 18:33:53.392 [main] DEBUG s.d.schema.property.bean.BeanModelProperty-Evaluating unwrapped getter for member isEmpty
2018-08-24 18:33:53.392 [main] DEBUG s.d.schema.property.bean.BeanModelProperty-Evaluating unwrapped getter for member isEmpty
2018-08-24 18:33:53.393 [main] DEBUG s.d.s.property.OptimizedModelPropertiesProvider-Reading property modelMap
2018-08-24 18:33:53.393 [main] DEBUG s.d.schema.property.bean.BeanModelProperty-Evaluating unwrapped getter for member getModelMap
2018-08-24 18:33:53.394 [main] DEBUG s.d.s.p.ObjectMapperBeanPropertyNamingStrategy-Name 'modelMap' renamed to 'modelMap'
2018-08-24 18:33:53.394 [main] DEBUG s.d.s.property.OptimizedModelPropertiesProvider-Adding property modelMap to model
2018-08-24 18:33:53.394 [main] DEBUG s.d.schema.property.bean.BeanModelProperty-Evaluating unwrapped getter for member getModelMap
2018-08-24 18:33:53.395 [main] DEBUG s.d.schema.property.bean.BeanModelProperty-Evaluating unwrapped getter for member getModelMap
2018-08-24 18:33:53.395 [main] DEBUG s.d.schema.property.bean.BeanModelProperty-Evaluating unwrapped getter for member getModelMap
2018-08-24 18:33:53.395 [main] DEBUG s.d.schema.property.bean.BeanModelProperty-Evaluating unwrapped getter for member getModelMap
2018-08-24 18:33:53.396 [main] DEBUG s.d.s.property.OptimizedModelPropertiesProvider-Reading property viewName
2018-08-24 18:33:53.397 [main] DEBUG s.d.schema.property.bean.BeanModelProperty-Evaluating unwrapped getter for member getViewName
2018-08-24 18:33:53.398 [main] DEBUG s.d.s.p.ObjectMapperBeanPropertyNamingStrategy-Name 'viewName' renamed to 'viewName'
2018-08-24 18:33:53.398 [main] DEBUG s.d.s.property.OptimizedModelPropertiesProvider-Adding property viewName to model
2018-08-24 18:33:53.398 [main] DEBUG s.d.schema.property.bean.BeanModelProperty-Evaluating unwrapped getter for member getViewName
2018-08-24 18:33:53.398 [main] DEBUG s.d.schema.property.bean.BeanModelProperty-Evaluating unwrapped getter for member getViewName
2018-08-24 18:33:53.398 [main] DEBUG s.d.schema.property.bean.BeanModelProperty-Evaluating unwrapped getter for member getViewName
2018-08-24 18:33:53.398 [main] DEBUG s.d.schema.property.bean.BeanModelProperty-Evaluating unwrapped getter for member getViewName
2018-08-24 18:33:53.399 [main] DEBUG s.d.s.property.OptimizedModelPropertiesProvider-Reading property reference
2018-08-24 18:33:53.399 [main] DEBUG s.d.schema.property.bean.BeanModelProperty-Evaluating unwrapped getter for member isReference
2018-08-24 18:33:53.400 [main] DEBUG s.d.s.p.ObjectMapperBeanPropertyNamingStrategy-Name 'reference' renamed to 'reference'
2018-08-24 18:33:53.400 [main] DEBUG s.d.s.property.OptimizedModelPropertiesProvider-Adding property reference to model
2018-08-24 18:33:53.400 [main] DEBUG s.d.schema.property.bean.BeanModelProperty-Evaluating unwrapped getter for member isReference
2018-08-24 18:33:53.400 [main] DEBUG s.d.schema.property.bean.BeanModelProperty-Evaluating unwrapped getter for member isReference
2018-08-24 18:33:53.400 [main] DEBUG s.d.schema.property.bean.BeanModelProperty-Evaluating unwrapped getter for member isReference
2018-08-24 18:33:53.401 [main] DEBUG s.d.schema.property.bean.BeanModelProperty-Evaluating unwrapped getter for member isReference
2018-08-24 18:33:53.410 [main] DEBUG s.documentation.schema.DefaultModelProvider-Inferred 7 properties. Properties found empty, model, modelMap, reference, status, view, viewName
2018-08-24 18:33:53.415 [main] DEBUG s.documentation.spring.web.scanners.ApiModelReader-Generated parameter model id: ModelAndView, name: ModelAndView, schema: {} models
2018-08-24 18:33:53.415 [main] DEBUG s.documentation.spring.web.scanners.ApiModelReader-Adding a new model with key ModelAndView
2018-08-24 18:33:53.417 [main] DEBUG s.d.schema.DefaultModelDependencyProvider-Adding type Lorg/springframework/ui/ModelMap; for parameter modelMap
2018-08-24 18:33:53.418 [main] DEBUG s.d.schema.DefaultModelDependencyProvider-Recursively resolving dependencies for value type Ljava/lang/Object;
2018-08-24 18:33:53.422 [main] DEBUG s.d.schema.DefaultModelDependencyProvider-Marking base type Ljava/lang/Object; as seen
2018-08-24 18:33:53.423 [main] DEBUG s.d.schema.DefaultModelDependencyProvider-Adding type Lorg/springframework/web/servlet/View; for parameter view
2018-08-24 18:33:53.423 [main] DEBUG s.d.schema.DefaultModelDependencyProvider-Recursively resolving dependencies for type Lorg/springframework/web/servlet/View;
2018-08-24 18:33:53.424 [main] DEBUG s.d.s.property.OptimizedModelPropertiesProvider-Reading property contentType
2018-08-24 18:33:53.425 [main] DEBUG s.d.schema.property.bean.BeanModelProperty-Evaluating unwrapped getter for member getContentType
2018-08-24 18:33:53.426 [main] DEBUG s.d.s.p.ObjectMapperBeanPropertyNamingStrategy-Name 'contentType' renamed to 'contentType'
2018-08-24 18:33:53.426 [main] DEBUG s.d.s.property.OptimizedModelPropertiesProvider-Adding property contentType to model
2018-08-24 18:33:53.426 [main] DEBUG s.d.schema.property.bean.BeanModelProperty-Evaluating unwrapped getter for member getContentType
2018-08-24 18:33:53.426 [main] DEBUG s.d.schema.property.bean.BeanModelProperty-Evaluating unwrapped getter for member getContentType
2018-08-24 18:33:53.426 [main] DEBUG s.d.schema.property.bean.BeanModelProperty-Evaluating unwrapped getter for member getContentType
2018-08-24 18:33:53.427 [main] DEBUG s.d.schema.property.bean.BeanModelProperty-Evaluating unwrapped getter for member getContentType
2018-08-24 18:33:53.428 [main] DEBUG s.documentation.schema.DefaultModelProvider-Inferred 1 properties. Properties found contentType
2018-08-24 18:33:53.428 [main] DEBUG s.documentation.spring.web.scanners.ApiModelReader-Adding a new model with key View
2018-08-24 18:33:53.435 [main] DEBUG s.d.s.w.r.operation.OperationResponseClassReader-Setting spring response class to: ModelAndView
2018-08-24 18:33:53.438 [main] DEBUG s.d.swagger.readers.operation.OperationAuthReader-Authorization count 0 for method errorHtml
2018-08-24 18:33:53.448 [main] DEBUG s.d.s.r.o.SwaggerOperationResponseClassReader-Setting response class to:ModelAndView
2018-08-24 18:33:53.454 [main] DEBUG s.d.s.w.r.operation.OperationResponseClassReader-Setting spring response class to: ModelAndView
2018-08-24 18:33:53.455 [main] DEBUG s.d.swagger.readers.operation.OperationAuthReader-Authorization count 0 for method errorHtml
2018-08-24 18:33:53.456 [main] DEBUG s.d.s.r.o.SwaggerOperationResponseClassReader-Setting response class to:ModelAndView
2018-08-24 18:33:53.461 [main] DEBUG s.d.s.w.r.operation.OperationResponseClassReader-Setting spring response class to: ModelAndView
2018-08-24 18:33:53.464 [main] DEBUG s.d.swagger.readers.operation.OperationAuthReader-Authorization count 0 for method errorHtml
2018-08-24 18:33:53.466 [main] DEBUG s.d.s.r.o.SwaggerOperationResponseClassReader-Setting response class to:ModelAndView
2018-08-24 18:33:53.471 [main] DEBUG s.d.s.w.r.operation.OperationResponseClassReader-Setting spring response class to: ModelAndView
2018-08-24 18:33:53.473 [main] DEBUG s.d.swagger.readers.operation.OperationAuthReader-Authorization count 0 for method errorHtml
2018-08-24 18:33:53.474 [main] DEBUG s.d.s.r.o.SwaggerOperationResponseClassReader-Setting response class to:ModelAndView
2018-08-24 18:33:53.478 [main] DEBUG s.d.s.w.r.operation.OperationResponseClassReader-Setting spring response class to: ModelAndView
2018-08-24 18:33:53.480 [main] DEBUG s.d.swagger.readers.operation.OperationAuthReader-Authorization count 0 for method errorHtml
2018-08-24 18:33:53.482 [main] DEBUG s.d.s.r.o.SwaggerOperationResponseClassReader-Setting response class to:ModelAndView
2018-08-24 18:33:53.486 [main] DEBUG s.d.s.w.r.operation.OperationResponseClassReader-Setting spring response class to: ModelAndView
2018-08-24 18:33:53.487 [main] DEBUG s.d.swagger.readers.operation.OperationAuthReader-Authorization count 0 for method errorHtml
2018-08-24 18:33:53.489 [main] DEBUG s.d.s.r.o.SwaggerOperationResponseClassReader-Setting response class to:ModelAndView
2018-08-24 18:33:53.492 [main] DEBUG s.d.s.w.r.operation.OperationResponseClassReader-Setting spring response class to: ModelAndView
2018-08-24 18:33:53.493 [main] DEBUG s.d.swagger.readers.operation.OperationAuthReader-Authorization count 0 for method errorHtml
2018-08-24 18:33:53.495 [main] DEBUG s.d.s.r.o.SwaggerOperationResponseClassReader-Setting response class to:ModelAndView
2018-08-24 18:33:53.498 [main] DEBUG s.d.s.w.r.operation.OperationResponseClassReader-Setting spring response class to: ModelAndView
2018-08-24 18:33:53.499 [main] DEBUG s.d.swagger.readers.operation.OperationAuthReader-Authorization count 0 for method errorHtml
2018-08-24 18:33:53.500 [main] DEBUG s.d.s.r.o.SwaggerOperationResponseClassReader-Setting response class to:ModelAndView
2018-08-24 18:33:53.532 [main] DEBUG s.d.s.w.readers.operation.OperationModelsProvider-Adding return parameter of type Ljava/lang/Object;
2018-08-24 18:33:53.532 [main] DEBUG s.d.s.w.readers.operation.OperationModelsProvider-Reading parameters models for handlerMethod |getDate|
2018-08-24 18:33:53.534 [main] DEBUG s.d.s.w.readers.operation.OperationModelsProvider-Finished reading parameters models for handlerMethod |getDate|
2018-08-24 18:33:53.535 [main] DEBUG s.d.s.r.operation.SwaggerOperationModelsProvider-Reading parameters models for handlerMethod |getDate|
2018-08-24 18:33:53.535 [main] DEBUG s.documentation.schema.DefaultModelProvider-Skipping model of type Ljava/lang/Object; as its either a container type, map, enum or base type, or its already been handled
2018-08-24 18:33:53.535 [main] DEBUG s.documentation.spring.web.scanners.ApiModelReader-Did not find any parameter models for java.lang.Object
2018-08-24 18:33:53.535 [main] DEBUG s.d.schema.DefaultModelDependencyProvider-Marking base type Ljava/lang/Object; as seen
2018-08-24 18:33:53.544 [main] DEBUG s.d.s.w.r.operation.OperationResponseClassReader-Setting spring response class to: object
2018-08-24 18:33:53.545 [main] DEBUG s.d.swagger.readers.operation.OperationAuthReader-Authorization count 0 for method getDate
2018-08-24 18:33:53.546 [main] DEBUG s.d.s.r.o.SwaggerOperationResponseClassReader-Setting response class to:object
2018-08-24 18:33:53.548 [main] DEBUG s.d.s.w.readers.operation.OperationModelsProvider-Adding return parameter of type Ljava/lang/Object;
2018-08-24 18:33:53.548 [main] DEBUG s.d.s.w.readers.operation.OperationModelsProvider-Reading parameters models for handlerMethod |getYDate|
2018-08-24 18:33:53.550 [main] DEBUG s.d.s.w.readers.operation.OperationModelsProvider-Adding input parameter of type Lcom/gaiaxy/data/core/dto/DateFormatDto;
2018-08-24 18:33:53.550 [main] DEBUG s.d.s.w.readers.operation.OperationModelsProvider-Finished reading parameters models for handlerMethod |getYDate|
2018-08-24 18:33:53.550 [main] DEBUG s.d.s.r.operation.SwaggerOperationModelsProvider-Reading parameters models for handlerMethod |getYDate|
2018-08-24 18:33:53.551 [main] DEBUG s.documentation.spring.web.scanners.ApiModelReader-Did not find any parameter models for java.lang.Object
2018-08-24 18:33:53.552 [main] DEBUG s.d.s.property.OptimizedModelPropertiesProvider-Reading property datetime
2018-08-24 18:33:53.552 [main] DEBUG s.d.schema.property.bean.BeanModelProperty-Evaluating unwrapped setter for member setDatetime
2018-08-24 18:33:53.552 [main] DEBUG s.d.s.p.ObjectMapperBeanPropertyNamingStrategy-Name 'datetime' renamed to 'datetime'
2018-08-24 18:33:53.553 [main] DEBUG s.d.s.property.OptimizedModelPropertiesProvider-Adding property datetime to model
2018-08-24 18:33:53.553 [main] DEBUG s.d.schema.property.bean.BeanModelProperty-Evaluating unwrapped setter for member setDatetime
2018-08-24 18:33:53.553 [main] DEBUG s.d.schema.property.bean.BeanModelProperty-Evaluating unwrapped setter for member setDatetime
2018-08-24 18:33:53.553 [main] DEBUG s.d.schema.property.bean.BeanModelProperty-Evaluating unwrapped setter for member setDatetime
2018-08-24 18:33:53.553 [main] DEBUG s.d.schema.property.bean.BeanModelProperty-Evaluating unwrapped setter for member setDatetime
2018-08-24 18:33:53.553 [main] DEBUG s.d.s.property.OptimizedModelPropertiesProvider-Reading property pattern
2018-08-24 18:33:53.553 [main] DEBUG s.d.schema.property.bean.BeanModelProperty-Evaluating unwrapped setter for member setPattern
2018-08-24 18:33:53.554 [main] DEBUG s.d.s.p.ObjectMapperBeanPropertyNamingStrategy-Name 'pattern' renamed to 'pattern'
2018-08-24 18:33:53.554 [main] DEBUG s.d.s.property.OptimizedModelPropertiesProvider-Adding property pattern to model
2018-08-24 18:33:53.554 [main] DEBUG s.d.schema.property.bean.BeanModelProperty-Evaluating unwrapped setter for member setPattern
2018-08-24 18:33:53.554 [main] DEBUG s.d.schema.property.bean.BeanModelProperty-Evaluating unwrapped setter for member setPattern
2018-08-24 18:33:53.554 [main] DEBUG s.d.schema.property.bean.BeanModelProperty-Evaluating unwrapped setter for member setPattern
2018-08-24 18:33:53.555 [main] DEBUG s.d.schema.property.bean.BeanModelProperty-Evaluating unwrapped setter for member setPattern
2018-08-24 18:33:53.555 [main] DEBUG s.documentation.schema.DefaultModelProvider-Inferred 2 properties. Properties found datetime, pattern
2018-08-24 18:33:53.555 [main] DEBUG s.documentation.spring.web.scanners.ApiModelReader-Generated parameter model id: DateFormatDto, name: DateFormatDto, schema: {} models
2018-08-24 18:33:53.556 [main] DEBUG s.documentation.spring.web.scanners.ApiModelReader-Adding a new model with key DateFormatDto
2018-08-24 18:33:53.577 [main] DEBUG s.d.s.w.r.operation.OperationResponseClassReader-Setting spring response class to: object
2018-08-24 18:33:53.581 [main] DEBUG s.d.swagger.readers.operation.OperationAuthReader-Authorization count 0 for method getYDate
2018-08-24 18:33:53.582 [main] DEBUG s.d.s.r.o.SwaggerOperationResponseClassReader-Setting response class to:object
2018-08-24 18:33:53.616 [main] INFO  o.e.j.server.handler.ContextHandler.application-Initializing Spring FrameworkServlet 'dispatcherServlet'
2018-08-24 18:33:53.616 [main] INFO  org.springframework.web.servlet.DispatcherServlet-FrameworkServlet 'dispatcherServlet': initialization started
2018-08-24 18:33:53.651 [main] INFO  org.springframework.web.servlet.DispatcherServlet-FrameworkServlet 'dispatcherServlet': initialization completed in 33 ms
2018-08-24 18:33:53.775 [main] INFO  org.eclipse.jetty.server.AbstractConnector-Started ServerConnector@5327a06e{HTTP/1.1,[http/1.1]}{0.0.0.0:8081}
2018-08-24 18:33:53.776 [main] INFO  o.s.b.c.e.jetty.JettyEmbeddedServletContainer-Jetty started on port(s) 8081 (http/1.1)
2018-08-24 18:33:53.784 [main] INFO  com.galaxy.data.server.start.StartServer-Started StartServer in 7.332 seconds (JVM running for 8.829)
2018-08-24 18:34:10.891 [qtp2083154356-28] DEBUG s.d.s.w.PropertySourcedRequestMappingHandlerMapping-Looking up handler method for path /webjars/springfox-swagger-ui/lib/jquery.slideto.min.js
2018-08-24 18:34:10.891 [qtp2083154356-33] DEBUG s.d.s.w.PropertySourcedRequestMappingHandlerMapping-Looking up handler method for path /webjars/springfox-swagger-ui/lib/jquery-1.8.0.min.js
2018-08-24 18:34:10.891 [qtp2083154356-27] DEBUG s.d.s.w.PropertySourcedRequestMappingHandlerMapping-Looking up handler method for path /webjars/springfox-swagger-ui/css/screen.css
2018-08-24 18:34:10.891 [qtp2083154356-21] DEBUG s.d.s.w.PropertySourcedRequestMappingHandlerMapping-Looking up handler method for path /webjars/springfox-swagger-ui/css/reset.css
2018-08-24 18:34:10.891 [qtp2083154356-28] DEBUG s.d.s.w.PropertySourcedRequestMappingHandlerMapping-looking up handler for path: /webjars/springfox-swagger-ui/lib/jquery.slideto.min.js
2018-08-24 18:34:10.891 [qtp2083154356-37] DEBUG s.d.s.w.PropertySourcedRequestMappingHandlerMapping-Looking up handler method for path /webjars/springfox-swagger-ui/lib/object-assign-pollyfill.js
2018-08-24 18:34:10.891 [qtp2083154356-22] DEBUG s.d.s.w.PropertySourcedRequestMappingHandlerMapping-Looking up handler method for path /webjars/springfox-swagger-ui/css/typography.css
2018-08-24 18:34:10.904 [qtp2083154356-21] DEBUG s.d.s.w.PropertySourcedRequestMappingHandlerMapping-looking up handler for path: /webjars/springfox-swagger-ui/css/reset.css
2018-08-24 18:34:10.904 [qtp2083154356-22] DEBUG s.d.s.w.PropertySourcedRequestMappingHandlerMapping-looking up handler for path: /webjars/springfox-swagger-ui/css/typography.css
2018-08-24 18:34:10.904 [qtp2083154356-37] DEBUG s.d.s.w.PropertySourcedRequestMappingHandlerMapping-looking up handler for path: /webjars/springfox-swagger-ui/lib/object-assign-pollyfill.js
2018-08-24 18:34:10.904 [qtp2083154356-27] DEBUG s.d.s.w.PropertySourcedRequestMappingHandlerMapping-looking up handler for path: /webjars/springfox-swagger-ui/css/screen.css
2018-08-24 18:34:10.904 [qtp2083154356-33] DEBUG s.d.s.w.PropertySourcedRequestMappingHandlerMapping-looking up handler for path: /webjars/springfox-swagger-ui/lib/jquery-1.8.0.min.js
2018-08-24 18:34:10.906 [qtp2083154356-22] DEBUG s.d.s.w.PropertySourcedRequestMappingHandlerMapping-Did not find handler method for [/webjars/springfox-swagger-ui/css/typography.css]
2018-08-24 18:34:10.906 [qtp2083154356-37] DEBUG s.d.s.w.PropertySourcedRequestMappingHandlerMapping-Did not find handler method for [/webjars/springfox-swagger-ui/lib/object-assign-pollyfill.js]
2018-08-24 18:34:10.906 [qtp2083154356-21] DEBUG s.d.s.w.PropertySourcedRequestMappingHandlerMapping-Did not find handler method for [/webjars/springfox-swagger-ui/css/reset.css]
2018-08-24 18:34:10.906 [qtp2083154356-27] DEBUG s.d.s.w.PropertySourcedRequestMappingHandlerMapping-Did not find handler method for [/webjars/springfox-swagger-ui/css/screen.css]
2018-08-24 18:34:10.906 [qtp2083154356-33] DEBUG s.d.s.w.PropertySourcedRequestMappingHandlerMapping-Did not find handler method for [/webjars/springfox-swagger-ui/lib/jquery-1.8.0.min.js]
2018-08-24 18:34:10.906 [qtp2083154356-28] DEBUG s.d.s.w.PropertySourcedRequestMappingHandlerMapping-Did not find handler method for [/webjars/springfox-swagger-ui/lib/jquery.slideto.min.js]
2018-08-24 18:34:11.081 [qtp2083154356-24] DEBUG s.d.s.w.PropertySourcedRequestMappingHandlerMapping-Looking up handler method for path /webjars/springfox-swagger-ui/lib/lodash.min.js
2018-08-24 18:34:11.081 [qtp2083154356-34] DEBUG s.d.s.w.PropertySourcedRequestMappingHandlerMapping-Looking up handler method for path /webjars/springfox-swagger-ui/lib/backbone-min.js
2018-08-24 18:34:11.081 [qtp2083154356-24] DEBUG s.d.s.w.PropertySourcedRequestMappingHandlerMapping-looking up handler for path: /webjars/springfox-swagger-ui/lib/lodash.min.js
2018-08-24 18:34:11.082 [qtp2083154356-34] DEBUG s.d.s.w.PropertySourcedRequestMappingHandlerMapping-looking up handler for path: /webjars/springfox-swagger-ui/lib/backbone-min.js
2018-08-24 18:34:11.081 [qtp2083154356-27] DEBUG s.d.s.w.PropertySourcedRequestMappingHandlerMapping-Looking up handler method for path /webjars/springfox-swagger-ui/lib/jquery.wiggle.min.js
2018-08-24 18:34:11.082 [qtp2083154356-28] DEBUG s.d.s.w.PropertySourcedRequestMappingHandlerMapping-Looking up handler method for path /webjars/springfox-swagger-ui/lib/jquery.ba-bbq.min.js
2018-08-24 18:34:11.082 [qtp2083154356-37] DEBUG s.d.s.w.PropertySourcedRequestMappingHandlerMapping-Looking up handler method for path /webjars/springfox-swagger-ui/lib/handlebars-4.0.5.js
2018-08-24 18:34:11.082 [qtp2083154356-34] DEBUG s.d.s.w.PropertySourcedRequestMappingHandlerMapping-Did not find handler method for [/webjars/springfox-swagger-ui/lib/backbone-min.js]
2018-08-24 18:34:11.082 [qtp2083154356-24] DEBUG s.d.s.w.PropertySourcedRequestMappingHandlerMapping-Did not find handler method for [/webjars/springfox-swagger-ui/lib/lodash.min.js]
2018-08-24 18:34:11.082 [qtp2083154356-25] DEBUG s.d.s.w.PropertySourcedRequestMappingHandlerMapping-Looking up handler method for path /webjars/springfox-swagger-ui/swagger-ui.min.js
2018-08-24 18:34:11.083 [qtp2083154356-25] DEBUG s.d.s.w.PropertySourcedRequestMappingHandlerMapping-looking up handler for path: /webjars/springfox-swagger-ui/swagger-ui.min.js
2018-08-24 18:34:11.082 [qtp2083154356-27] DEBUG s.d.s.w.PropertySourcedRequestMappingHandlerMapping-looking up handler for path: /webjars/springfox-swagger-ui/lib/jquery.wiggle.min.js
2018-08-24 18:34:11.083 [qtp2083154356-27] DEBUG s.d.s.w.PropertySourcedRequestMappingHandlerMapping-Did not find handler method for [/webjars/springfox-swagger-ui/lib/jquery.wiggle.min.js]
2018-08-24 18:34:11.087 [qtp2083154356-25] DEBUG s.d.s.w.PropertySourcedRequestMappingHandlerMapping-Did not find handler method for [/webjars/springfox-swagger-ui/swagger-ui.min.js]
2018-08-24 18:34:11.082 [qtp2083154356-28] DEBUG s.d.s.w.PropertySourcedRequestMappingHandlerMapping-looking up handler for path: /webjars/springfox-swagger-ui/lib/jquery.ba-bbq.min.js
2018-08-24 18:34:11.088 [qtp2083154356-28] DEBUG s.d.s.w.PropertySourcedRequestMappingHandlerMapping-Did not find handler method for [/webjars/springfox-swagger-ui/lib/jquery.ba-bbq.min.js]
2018-08-24 18:34:11.082 [qtp2083154356-37] DEBUG s.d.s.w.PropertySourcedRequestMappingHandlerMapping-looking up handler for path: /webjars/springfox-swagger-ui/lib/handlebars-4.0.5.js
2018-08-24 18:34:11.090 [qtp2083154356-37] DEBUG s.d.s.w.PropertySourcedRequestMappingHandlerMapping-Did not find handler method for [/webjars/springfox-swagger-ui/lib/handlebars-4.0.5.js]
2018-08-24 18:34:11.140 [qtp2083154356-26] DEBUG s.d.s.w.PropertySourcedRequestMappingHandlerMapping-Looking up handler method for path /webjars/springfox-swagger-ui/lib/highlight.9.1.0.pack_extended.js
2018-08-24 18:34:11.140 [qtp2083154356-26] DEBUG s.d.s.w.PropertySourcedRequestMappingHandlerMapping-looking up handler for path: /webjars/springfox-swagger-ui/lib/highlight.9.1.0.pack_extended.js
2018-08-24 18:34:11.140 [qtp2083154356-36] DEBUG s.d.s.w.PropertySourcedRequestMappingHandlerMapping-Looking up handler method for path /webjars/springfox-swagger-ui/lib/highlight.9.1.0.pack.js
2018-08-24 18:34:11.140 [qtp2083154356-26] DEBUG s.d.s.w.PropertySourcedRequestMappingHandlerMapping-Did not find handler method for [/webjars/springfox-swagger-ui/lib/highlight.9.1.0.pack_extended.js]
2018-08-24 18:34:11.140 [qtp2083154356-36] DEBUG s.d.s.w.PropertySourcedRequestMappingHandlerMapping-looking up handler for path: /webjars/springfox-swagger-ui/lib/highlight.9.1.0.pack.js
2018-08-24 18:34:11.141 [qtp2083154356-36] DEBUG s.d.s.w.PropertySourcedRequestMappingHandlerMapping-Did not find handler method for [/webjars/springfox-swagger-ui/lib/highlight.9.1.0.pack.js]
2018-08-24 18:34:11.141 [qtp2083154356-25] DEBUG s.d.s.w.PropertySourcedRequestMappingHandlerMapping-Looking up handler method for path /webjars/springfox-swagger-ui/lib/marked.js
2018-08-24 18:34:11.141 [qtp2083154356-25] DEBUG s.d.s.w.PropertySourcedRequestMappingHandlerMapping-looking up handler for path: /webjars/springfox-swagger-ui/lib/marked.js
2018-08-24 18:34:11.141 [qtp2083154356-25] DEBUG s.d.s.w.PropertySourcedRequestMappingHandlerMapping-Did not find handler method for [/webjars/springfox-swagger-ui/lib/marked.js]
2018-08-24 18:34:11.146 [qtp2083154356-34] DEBUG s.d.s.w.PropertySourcedRequestMappingHandlerMapping-Looking up handler method for path /webjars/springfox-swagger-ui/lib/jsoneditor.min.js
2018-08-24 18:34:11.146 [qtp2083154356-34] DEBUG s.d.s.w.PropertySourcedRequestMappingHandlerMapping-looking up handler for path: /webjars/springfox-swagger-ui/lib/jsoneditor.min.js
2018-08-24 18:34:11.146 [qtp2083154356-34] DEBUG s.d.s.w.PropertySourcedRequestMappingHandlerMapping-Did not find handler method for [/webjars/springfox-swagger-ui/lib/jsoneditor.min.js]
2018-08-24 18:34:11.147 [qtp2083154356-38] DEBUG s.d.s.w.PropertySourcedRequestMappingHandlerMapping-Looking up handler method for path /webjars/springfox-swagger-ui/lib/swagger-oauth.js
2018-08-24 18:34:11.147 [qtp2083154356-38] DEBUG s.d.s.w.PropertySourcedRequestMappingHandlerMapping-looking up handler for path: /webjars/springfox-swagger-ui/lib/swagger-oauth.js
2018-08-24 18:34:11.147 [qtp2083154356-38] DEBUG s.d.s.w.PropertySourcedRequestMappingHandlerMapping-Did not find handler method for [/webjars/springfox-swagger-ui/lib/swagger-oauth.js]
2018-08-24 18:34:11.151 [qtp2083154356-38] DEBUG s.d.s.w.PropertySourcedRequestMappingHandlerMapping-Looking up handler method for path /webjars/springfox-swagger-ui/springfox.js
2018-08-24 18:34:11.151 [qtp2083154356-38] DEBUG s.d.s.w.PropertySourcedRequestMappingHandlerMapping-looking up handler for path: /webjars/springfox-swagger-ui/springfox.js
2018-08-24 18:34:11.152 [qtp2083154356-38] DEBUG s.d.s.w.PropertySourcedRequestMappingHandlerMapping-Did not find handler method for [/webjars/springfox-swagger-ui/springfox.js]
2018-08-24 18:34:11.264 [qtp2083154356-24] DEBUG s.d.s.w.PropertySourcedRequestMappingHandlerMapping-Looking up handler method for path /webjars/springfox-swagger-ui/images/logo_small.png
2018-08-24 18:34:11.264 [qtp2083154356-24] DEBUG s.d.s.w.PropertySourcedRequestMappingHandlerMapping-looking up handler for path: /webjars/springfox-swagger-ui/images/logo_small.png
2018-08-24 18:34:11.264 [qtp2083154356-24] DEBUG s.d.s.w.PropertySourcedRequestMappingHandlerMapping-Did not find handler method for [/webjars/springfox-swagger-ui/images/logo_small.png]
2018-08-24 18:34:11.296 [qtp2083154356-21] DEBUG s.d.s.w.PropertySourcedRequestMappingHandlerMapping-Looking up handler method for path /webjars/springfox-swagger-ui/css/print.css
2018-08-24 18:34:11.296 [qtp2083154356-21] DEBUG s.d.s.w.PropertySourcedRequestMappingHandlerMapping-looking up handler for path: /webjars/springfox-swagger-ui/css/print.css
2018-08-24 18:34:11.296 [qtp2083154356-21] DEBUG s.d.s.w.PropertySourcedRequestMappingHandlerMapping-Did not find handler method for [/webjars/springfox-swagger-ui/css/print.css]
2018-08-24 18:34:11.709 [qtp2083154356-24] DEBUG s.d.s.w.PropertySourcedRequestMappingHandlerMapping-Looking up handler method for path /swagger-resources/configuration/ui
2018-08-24 18:34:11.709 [qtp2083154356-24] DEBUG s.d.s.w.PropertySourcedRequestMappingHandlerMapping-looking up handler for path: /swagger-resources/configuration/ui
2018-08-24 18:34:11.709 [qtp2083154356-24] DEBUG s.d.s.w.PropertySourcedRequestMappingHandlerMapping-Did not find handler method for [/swagger-resources/configuration/ui]
2018-08-24 18:34:12.039 [qtp2083154356-21] DEBUG s.d.s.w.PropertySourcedRequestMappingHandlerMapping-Looking up handler method for path /swagger-resources
2018-08-24 18:34:12.039 [qtp2083154356-21] DEBUG s.d.s.w.PropertySourcedRequestMappingHandlerMapping-looking up handler for path: /swagger-resources
2018-08-24 18:34:12.040 [qtp2083154356-21] DEBUG s.d.s.w.PropertySourcedRequestMappingHandlerMapping-Did not find handler method for [/swagger-resources]
2018-08-24 18:34:12.058 [qtp2083154356-24] DEBUG s.d.s.w.PropertySourcedRequestMappingHandlerMapping-Looking up handler method for path /v2/api-docs
2018-08-24 18:34:12.058 [qtp2083154356-24] DEBUG s.d.s.w.PropertySourcedRequestMappingHandlerMapping-looking up handler for path: /v2/api-docs
2018-08-24 18:34:12.059 [qtp2083154356-24] DEBUG s.d.s.w.PropertySourcedRequestMappingHandlerMapping-Returning handler method [public org.springframework.http.ResponseEntity<springfox.documentation.spring.web.json.Json> springfox.documentation.swagger2.web.Swagger2Controller.getDocumentation(java.lang.String,javax.servlet.http.HttpServletRequest)]
2018-08-24 18:34:12.532 [qtp2083154356-21] DEBUG s.d.s.w.PropertySourcedRequestMappingHandlerMapping-Looking up handler method for path /swagger-resources/configuration/security
2018-08-24 18:34:12.532 [qtp2083154356-21] DEBUG s.d.s.w.PropertySourcedRequestMappingHandlerMapping-looking up handler for path: /swagger-resources/configuration/security
2018-08-24 18:34:12.532 [qtp2083154356-21] DEBUG s.d.s.w.PropertySourcedRequestMappingHandlerMapping-Did not find handler method for [/swagger-resources/configuration/security]
2018-08-24 18:34:17.962 [qtp2083154356-24] DEBUG s.d.s.w.PropertySourcedRequestMappingHandlerMapping-Looking up handler method for path /webjars/springfox-swagger-ui/images/throbber.gif
2018-08-24 18:34:17.962 [qtp2083154356-24] DEBUG s.d.s.w.PropertySourcedRequestMappingHandlerMapping-looking up handler for path: /webjars/springfox-swagger-ui/images/throbber.gif
2018-08-24 18:34:17.963 [qtp2083154356-24] DEBUG s.d.s.w.PropertySourcedRequestMappingHandlerMapping-Did not find handler method for [/webjars/springfox-swagger-ui/images/throbber.gif]
2018-08-24 18:34:56.785 [qtp2083154356-26] DEBUG s.d.s.w.PropertySourcedRequestMappingHandlerMapping-Looking up handler method for path /getYDate
2018-08-24 18:34:56.785 [qtp2083154356-26] DEBUG s.d.s.w.PropertySourcedRequestMappingHandlerMapping-looking up handler for path: /getYDate
2018-08-24 18:34:56.785 [qtp2083154356-26] DEBUG s.d.s.w.PropertySourcedRequestMappingHandlerMapping-Did not find handler method for [/getYDate]
2018-08-24 18:36:35.858 [qtp2083154356-26] DEBUG s.d.s.w.PropertySourcedRequestMappingHandlerMapping-Looking up handler method for path /getYDate
2018-08-24 18:36:35.858 [qtp2083154356-26] DEBUG s.d.s.w.PropertySourcedRequestMappingHandlerMapping-looking up handler for path: /getYDate
2018-08-24 18:36:35.858 [qtp2083154356-26] DEBUG s.d.s.w.PropertySourcedRequestMappingHandlerMapping-Did not find handler method for [/getYDate]
2018-08-24 18:36:42.449 [qtp2083154356-25] DEBUG s.d.s.w.PropertySourcedRequestMappingHandlerMapping-Looking up handler method for path /getYDate
2018-08-24 18:36:42.449 [qtp2083154356-25] DEBUG s.d.s.w.PropertySourcedRequestMappingHandlerMapping-looking up handler for path: /getYDate
2018-08-24 18:36:42.449 [qtp2083154356-25] DEBUG s.d.s.w.PropertySourcedRequestMappingHandlerMapping-Did not find handler method for [/getYDate]
